{
  "stats": {
    "suites": 1,
    "tests": 4,
    "passes": 4,
    "pending": 0,
    "failures": 0,
    "start": "2017-04-20T11:26:36.548Z",
    "end": "2017-04-20T11:26:36.552Z",
    "duration": 4,
    "testsRegistered": 4,
    "passPercent": 100,
    "pendingPercent": 0,
    "other": 0,
    "hasOther": false,
    "skipped": 0,
    "hasSkipped": false,
    "passPercentClass": "success",
    "pendingPercentClass": "danger"
  },
  "suites": {
    "title": "",
    "suites": [
      {
        "title": "unit test of add",
        "suites": [],
        "tests": [
          {
            "title": "0+0 = 0",
            "fullTitle": "unit test of add 0+0 = 0",
            "timedOut": false,
            "duration": 0,
            "state": "passed",
            "speed": "fast",
            "pass": true,
            "fail": false,
            "pending": false,
            "code": "expect(add(0, 0)).to.be.equal(0);",
            "err": {},
            "isRoot": false,
            "uuid": "7aee8fff-7cea-458e-9a13-09b6b3b7a89a",
            "parentUUID": "e535bf16-0c51-46ce-9317-c6ed9090d563",
            "skipped": false
          },
          {
            "title": "1+1 = 2",
            "fullTitle": "unit test of add 1+1 = 2",
            "timedOut": false,
            "duration": 0,
            "state": "passed",
            "speed": "fast",
            "pass": true,
            "fail": false,
            "pending": false,
            "code": "expect(add(1, 1)).to.be.equal(2);",
            "err": {},
            "isRoot": false,
            "uuid": "24c9799e-61ee-4a68-98f3-1cfa0d988a7b",
            "parentUUID": "e535bf16-0c51-46ce-9317-c6ed9090d563",
            "skipped": false
          },
          {
            "title": "1+0 = 1",
            "fullTitle": "unit test of add 1+0 = 1",
            "timedOut": false,
            "duration": 0,
            "state": "passed",
            "speed": "fast",
            "pass": true,
            "fail": false,
            "pending": false,
            "code": "expect(add(1, 0)).to.be.equal(1);",
            "err": {},
            "isRoot": false,
            "uuid": "89abab57-a9f9-4380-9036-3878c8b359fe",
            "parentUUID": "e535bf16-0c51-46ce-9317-c6ed9090d563",
            "skipped": false
          },
          {
            "title": "1-1 = 0",
            "fullTitle": "unit test of add 1-1 = 0",
            "timedOut": false,
            "duration": 0,
            "state": "passed",
            "speed": "fast",
            "pass": true,
            "fail": false,
            "pending": false,
            "code": "expect(add(1, -1)).to.be.equal(0);",
            "err": {},
            "isRoot": false,
            "uuid": "aded29cc-2f1d-4468-aa9c-9a060c92273c",
            "parentUUID": "e535bf16-0c51-46ce-9317-c6ed9090d563",
            "skipped": false
          }
        ],
        "pending": [],
        "root": false,
        "_timeout": 2000,
        "file": "/test/add.test.js",
        "uuid": "e535bf16-0c51-46ce-9317-c6ed9090d563",
        "fullFile": "/home/wangding/wd/demo-code/mocha-demo/demo2/test/add.test.js",
        "passes": [
          {
            "title": "0+0 = 0",
            "fullTitle": "unit test of add 0+0 = 0",
            "timedOut": false,
            "duration": 0,
            "state": "passed",
            "speed": "fast",
            "pass": true,
            "fail": false,
            "pending": false,
            "code": "expect(add(0, 0)).to.be.equal(0);",
            "err": {},
            "isRoot": false,
            "uuid": "7aee8fff-7cea-458e-9a13-09b6b3b7a89a",
            "parentUUID": "e535bf16-0c51-46ce-9317-c6ed9090d563",
            "skipped": false
          },
          {
            "title": "1+1 = 2",
            "fullTitle": "unit test of add 1+1 = 2",
            "timedOut": false,
            "duration": 0,
            "state": "passed",
            "speed": "fast",
            "pass": true,
            "fail": false,
            "pending": false,
            "code": "expect(add(1, 1)).to.be.equal(2);",
            "err": {},
            "isRoot": false,
            "uuid": "24c9799e-61ee-4a68-98f3-1cfa0d988a7b",
            "parentUUID": "e535bf16-0c51-46ce-9317-c6ed9090d563",
            "skipped": false
          },
          {
            "title": "1+0 = 1",
            "fullTitle": "unit test of add 1+0 = 1",
            "timedOut": false,
            "duration": 0,
            "state": "passed",
            "speed": "fast",
            "pass": true,
            "fail": false,
            "pending": false,
            "code": "expect(add(1, 0)).to.be.equal(1);",
            "err": {},
            "isRoot": false,
            "uuid": "89abab57-a9f9-4380-9036-3878c8b359fe",
            "parentUUID": "e535bf16-0c51-46ce-9317-c6ed9090d563",
            "skipped": false
          },
          {
            "title": "1-1 = 0",
            "fullTitle": "unit test of add 1-1 = 0",
            "timedOut": false,
            "duration": 0,
            "state": "passed",
            "speed": "fast",
            "pass": true,
            "fail": false,
            "pending": false,
            "code": "expect(add(1, -1)).to.be.equal(0);",
            "err": {},
            "isRoot": false,
            "uuid": "aded29cc-2f1d-4468-aa9c-9a060c92273c",
            "parentUUID": "e535bf16-0c51-46ce-9317-c6ed9090d563",
            "skipped": false
          }
        ],
        "failures": [],
        "skipped": [],
        "hasTests": true,
        "hasSuites": false,
        "totalTests": 4,
        "totalPasses": 4,
        "totalFailures": 0,
        "totalPending": 0,
        "totalSkipped": 0,
        "hasPasses": true,
        "hasFailures": false,
        "hasPending": false,
        "hasSkipped": false,
        "duration": 0,
        "rootEmpty": false
      }
    ],
    "tests": [],
    "pending": [],
    "root": true,
    "_timeout": 2000,
    "uuid": "b60803b2-b443-4bf1-9e4e-3a1db1e4c3f6",
    "fullFile": "",
    "file": "",
    "passes": [],
    "failures": [],
    "skipped": [],
    "hasTests": false,
    "hasSuites": true,
    "totalTests": 0,
    "totalPasses": 0,
    "totalFailures": 0,
    "totalPending": 0,
    "totalSkipped": 0,
    "hasPasses": false,
    "hasFailures": false,
    "hasPending": false,
    "hasSkipped": false,
    "duration": 0,
    "rootEmpty": true
  },
  "allTests": [
    {
      "title": "0+0 = 0",
      "fullTitle": "unit test of add 0+0 = 0",
      "timedOut": false,
      "duration": 0,
      "state": "passed",
      "speed": "fast",
      "pass": true,
      "fail": false,
      "pending": false,
      "code": "expect(add(0, 0)).to.be.equal(0);",
      "err": {},
      "isRoot": false,
      "uuid": "7aee8fff-7cea-458e-9a13-09b6b3b7a89a",
      "parentUUID": "e535bf16-0c51-46ce-9317-c6ed9090d563",
      "skipped": false
    },
    {
      "title": "1+1 = 2",
      "fullTitle": "unit test of add 1+1 = 2",
      "timedOut": false,
      "duration": 0,
      "state": "passed",
      "speed": "fast",
      "pass": true,
      "fail": false,
      "pending": false,
      "code": "expect(add(1, 1)).to.be.equal(2);",
      "err": {},
      "isRoot": false,
      "uuid": "24c9799e-61ee-4a68-98f3-1cfa0d988a7b",
      "parentUUID": "e535bf16-0c51-46ce-9317-c6ed9090d563",
      "skipped": false
    },
    {
      "title": "1+0 = 1",
      "fullTitle": "unit test of add 1+0 = 1",
      "timedOut": false,
      "duration": 0,
      "state": "passed",
      "speed": "fast",
      "pass": true,
      "fail": false,
      "pending": false,
      "code": "expect(add(1, 0)).to.be.equal(1);",
      "err": {},
      "isRoot": false,
      "uuid": "89abab57-a9f9-4380-9036-3878c8b359fe",
      "parentUUID": "e535bf16-0c51-46ce-9317-c6ed9090d563",
      "skipped": false
    },
    {
      "title": "1-1 = 0",
      "fullTitle": "unit test of add 1-1 = 0",
      "timedOut": false,
      "duration": 0,
      "state": "passed",
      "speed": "fast",
      "pass": true,
      "fail": false,
      "pending": false,
      "code": "expect(add(1, -1)).to.be.equal(0);",
      "err": {},
      "isRoot": false,
      "uuid": "aded29cc-2f1d-4468-aa9c-9a060c92273c",
      "parentUUID": "e535bf16-0c51-46ce-9317-c6ed9090d563",
      "skipped": false
    }
  ],
  "allPending": [],
  "allPasses": [
    {
      "title": "0+0 = 0",
      "fullTitle": "unit test of add 0+0 = 0",
      "timedOut": false,
      "duration": 0,
      "state": "passed",
      "speed": "fast",
      "pass": true,
      "fail": false,
      "pending": false,
      "code": "expect(add(0, 0)).to.be.equal(0);",
      "err": {},
      "isRoot": false,
      "uuid": "7aee8fff-7cea-458e-9a13-09b6b3b7a89a",
      "parentUUID": "e535bf16-0c51-46ce-9317-c6ed9090d563",
      "skipped": false
    },
    {
      "title": "1+1 = 2",
      "fullTitle": "unit test of add 1+1 = 2",
      "timedOut": false,
      "duration": 0,
      "state": "passed",
      "speed": "fast",
      "pass": true,
      "fail": false,
      "pending": false,
      "code": "expect(add(1, 1)).to.be.equal(2);",
      "err": {},
      "isRoot": false,
      "uuid": "24c9799e-61ee-4a68-98f3-1cfa0d988a7b",
      "parentUUID": "e535bf16-0c51-46ce-9317-c6ed9090d563",
      "skipped": false
    },
    {
      "title": "1+0 = 1",
      "fullTitle": "unit test of add 1+0 = 1",
      "timedOut": false,
      "duration": 0,
      "state": "passed",
      "speed": "fast",
      "pass": true,
      "fail": false,
      "pending": false,
      "code": "expect(add(1, 0)).to.be.equal(1);",
      "err": {},
      "isRoot": false,
      "uuid": "89abab57-a9f9-4380-9036-3878c8b359fe",
      "parentUUID": "e535bf16-0c51-46ce-9317-c6ed9090d563",
      "skipped": false
    },
    {
      "title": "1-1 = 0",
      "fullTitle": "unit test of add 1-1 = 0",
      "timedOut": false,
      "duration": 0,
      "state": "passed",
      "speed": "fast",
      "pass": true,
      "fail": false,
      "pending": false,
      "code": "expect(add(1, -1)).to.be.equal(0);",
      "err": {},
      "isRoot": false,
      "uuid": "aded29cc-2f1d-4468-aa9c-9a060c92273c",
      "parentUUID": "e535bf16-0c51-46ce-9317-c6ed9090d563",
      "skipped": false
    }
  ],
  "allFailures": [],
  "copyrightYear": 2017
}